<testsuite name="Mocha Tests" tests="76" failures="40" errors="40" skipped="7" timestamp="2018-07-31T12:04:03" time="227.235">
<testcase classname="magento deleteBillingAddress Integration tests" name="returns 400 for deleting billing address of not provided cart" time="0.387"><failure message="expected { Object (type, message) } to have own property &#x26;#x27;reason&#x26;#x27;"><![CDATA[AssertionError: expected { Object (type, message) } to have own property &#x27;reason&#x27;
    at RequiredFields.verifyErrorResponse (test/lib/requiredFields.js:27:31)
    at /Users/platon/projects/Adobe/commerce-public/commerce-cif-magento/test/lib/addressITHelper.js:107:32
    at process._tickCallback (internal/process/next_tick.js:68:7)]]></failure></testcase>
<testcase classname="magento deleteBillingAddress Integration tests" name="returns 404 for deleting billing address of non existing cart" time="0.549"/>
<testcase classname="magento deleteBillingAddress Integration tests" name="removes billing address" time="7.434"><failure message="expected { Object (name, sku, ...) } to have own property &#x26;#x27;available&#x26;#x27;"><![CDATA[AssertionError: expected { Object (name, sku, ...) } to have own property &#x27;available&#x27;
    at RequiredFields.verifyProductVariant (test/lib/requiredFields.js:52:31)
    at RequiredFields.verifyCartEntry (test/lib/requiredFields.js:207:14)
    at RequiredFields.verifyCart (test/lib/requiredFields.js:193:18)
    at /Users/platon/projects/Adobe/commerce-public/commerce-cif-magento/test/lib/addressITHelper.js:252:32
    at process._tickCallback (internal/process/next_tick.js:68:7)]]></failure></testcase>
<testcase classname="magento deleteCartEntry Integration tests" name="only removes one entry from a cart" time="5.514"><failure message="expected { Object (name, sku, ...) } to have own property &#x26;#x27;available&#x26;#x27;"><![CDATA[AssertionError: expected { Object (name, sku, ...) } to have own property &#x27;available&#x27;
    at RequiredFields.verifyProductVariant (test/lib/requiredFields.js:52:31)
    at RequiredFields.verifyCartEntry (test/lib/requiredFields.js:207:14)
    at RequiredFields.verifyCart (test/lib/requiredFields.js:193:18)
    at /Users/platon/projects/Adobe/commerce-public/commerce-cif-magento/test/carts/deleteCartEntryIT.js:85:36
    at process._tickCallback (internal/process/next_tick.js:68:7)]]></failure></testcase>
<testcase classname="magento deleteCartEntry Integration tests" name="removes an entry from a cart" time="1.02"><failure message="expected { Object (name, sku, ...) } to have own property &#x26;#x27;available&#x26;#x27;"><![CDATA[AssertionError: expected { Object (name, sku, ...) } to have own property &#x27;available&#x27;
    at RequiredFields.verifyProductVariant (test/lib/requiredFields.js:52:31)
    at RequiredFields.verifyCartEntry (test/lib/requiredFields.js:207:14)
    at RequiredFields.verifyCart (test/lib/requiredFields.js:193:18)
    at /Users/platon/projects/Adobe/commerce-public/commerce-cif-magento/test/carts/deleteCartEntryIT.js:129:36
    at process._tickCallback (internal/process/next_tick.js:68:7)]]></failure></testcase>
<testcase classname="magento deleteCartEntry Integration tests" name="returns a 400 error for an invalid entry id" time="0.133"><failure message="expected { Object (type, message) } to have own property &#x26;#x27;reason&#x26;#x27;"><![CDATA[AssertionError: expected { Object (type, message) } to have own property &#x27;reason&#x27;
    at RequiredFields.verifyErrorResponse (test/lib/requiredFields.js:27:31)
    at /Users/platon/projects/Adobe/commerce-public/commerce-cif-magento/test/carts/deleteCartEntryIT.js:147:36
    at process._tickCallback (internal/process/next_tick.js:68:7)]]></failure></testcase>
<testcase classname="magento deleteCartEntry Integration tests" name="returns a 400 error for a non existent entry id" time="0.462"/>
<testcase classname="magento deleteCartEntry Integration tests" name="returns a 404 error for a non existent cart" time="0.509"/>
<testcase classname="magento deleteCartEntry Integration tests" name="returns a 400 error for missing parameters" time="0.028"><failure message="expected { Object (type, message) } to have own property &#x26;#x27;reason&#x26;#x27;"><![CDATA[AssertionError: expected { Object (type, message) } to have own property &#x27;reason&#x27;
    at RequiredFields.verifyErrorResponse (test/lib/requiredFields.js:27:31)
    at /Users/platon/projects/Adobe/commerce-public/commerce-cif-magento/test/carts/deleteCartEntryIT.js:185:36
    at process._tickCallback (internal/process/next_tick.js:68:7)]]></failure></testcase>
<testcase classname="magento deleteCoupon Integration tests" name="&#x22;before each&#x22; hook for &#x22;deletes a coupon code from an existing cart&#x22;" time="2.772"><failure message="Not Found"><![CDATA[Error: Not Found
    at Test.Request.callback (node_modules/superagent/lib/node/index.js:626:17)
    at /Users/platon/projects/Adobe/commerce-public/commerce-cif-magento/node_modules/superagent/lib/node/index.js:795:18
    at IncomingMessage.&#x3C;anonymous&#x3E; (node_modules/superagent/lib/node/parsers/json.js:16:7)
    at endReadableNT (_stream_readable.js:1081:12)
    at process._tickCallback (internal/process/next_tick.js:63:19)]]></failure></testcase>
<testcase classname="Magento deletePayment Integration tests" name="returns 501 error" time="0.468"><failure message="expected { Object (type, message) } to have own property &#x26;#x27;reason&#x26;#x27;"><![CDATA[AssertionError: expected { Object (type, message) } to have own property &#x27;reason&#x27;
    at RequiredFields.verifyErrorResponse (test/lib/requiredFields.js:27:31)
    at /Users/platon/projects/Adobe/commerce-public/commerce-cif-magento/test/carts/deletePaymentIT.js:45:36
    at process._tickCallback (internal/process/next_tick.js:68:7)]]></failure></testcase>
<testcase classname="Magento deleteShippingAddress Integration tests" name="returns 501 error" time="0.418"><failure message="expected { Object (type, message) } to have own property &#x26;#x27;reason&#x26;#x27;"><![CDATA[AssertionError: expected { Object (type, message) } to have own property &#x27;reason&#x27;
    at RequiredFields.verifyErrorResponse (test/lib/requiredFields.js:27:31)
    at /Users/platon/projects/Adobe/commerce-public/commerce-cif-magento/test/carts/deleteShippingAddressIT.js:44:36
    at process._tickCallback (internal/process/next_tick.js:68:7)]]></failure></testcase>
<testcase classname="Magento deleteShippingMethod Integration tests" name="returns 501 error" time="0.408"><failure message="expected { Object (type, message) } to have own property &#x26;#x27;reason&#x26;#x27;"><![CDATA[AssertionError: expected { Object (type, message) } to have own property &#x27;reason&#x27;
    at RequiredFields.verifyErrorResponse (test/lib/requiredFields.js:27:31)
    at /Users/platon/projects/Adobe/commerce-public/commerce-cif-magento/test/carts/deleteShippingMethodIT.js:44:36
    at process._tickCallback (internal/process/next_tick.js:68:7)]]></failure></testcase>
<testcase classname="magento getCart Integration tests" name="returns a cart for a valid cart id" time="0.842"><failure message="expected { Object (name, sku, ...) } to have own property &#x26;#x27;available&#x26;#x27;"><![CDATA[AssertionError: expected { Object (name, sku, ...) } to have own property &#x27;available&#x27;
    at RequiredFields.verifyProductVariant (test/lib/requiredFields.js:52:31)
    at RequiredFields.verifyCartEntry (test/lib/requiredFields.js:207:14)
    at RequiredFields.verifyCart (test/lib/requiredFields.js:193:18)
    at /Users/platon/projects/Adobe/commerce-public/commerce-cif-magento/test/carts/getCartIT.js:77:36
    at process._tickCallback (internal/process/next_tick.js:68:7)]]></failure></testcase>
<testcase classname="magento getCart Integration tests" name="returns a 400 error for a missing id parameter" time="0.034"><failure message="expected { Object (type, message) } to have own property &#x26;#x27;reason&#x26;#x27;"><![CDATA[AssertionError: expected { Object (type, message) } to have own property &#x27;reason&#x27;
    at RequiredFields.verifyErrorResponse (test/lib/requiredFields.js:27:31)
    at /Users/platon/projects/Adobe/commerce-public/commerce-cif-magento/test/carts/getCartIT.js:101:36
    at process._tickCallback (internal/process/next_tick.js:68:7)]]></failure></testcase>
<testcase classname="magento getCart Integration tests" name="returns a 404 error for a non existent cart" time="0.429"/>
<testcase classname="Magento getShippingMethodsIT for a cart Integration tests" name="returns the list of available shipping methods for the cart" time="3.778"/>
<testcase classname="Magento getShippingMethodsIT for a cart Integration tests" name="returns a 400 error for a cart without shipping address" time="8.843"/>
<testcase classname="Magento getShippingMethodsIT for a cart Integration tests" name="returns a 400 error for a missing id parameter" time="0.157"><failure message="expected { Object (type, message) } to have own property &#x26;#x27;reason&#x26;#x27;"><![CDATA[AssertionError: expected { Object (type, message) } to have own property &#x27;reason&#x27;
    at RequiredFields.verifyErrorResponse (test/lib/requiredFields.js:27:31)
    at /Users/platon/projects/Adobe/commerce-public/commerce-cif-magento/test/carts/getShippingMethodsIT.js:122:36
    at process._tickCallback (internal/process/next_tick.js:68:7)]]></failure></testcase>
<testcase classname="Magento getShippingMethodsIT for a cart Integration tests" name="returns a 404 error for a non existent shopping cart" time="0.544"/>
<testcase classname="magento postBillingAddress Integration tests" name="returns 400 for updating the billing address of non existing cart" time="0.715"><failure message="expected { Object (type, message) } to have own property &#x26;#x27;reason&#x26;#x27;"><![CDATA[AssertionError: expected { Object (type, message) } to have own property &#x27;reason&#x27;
    at RequiredFields.verifyErrorResponse (test/lib/requiredFields.js:27:31)
    at /Users/platon/projects/Adobe/commerce-public/commerce-cif-magento/test/lib/addressITHelper.js:107:32
    at process._tickCallback (internal/process/next_tick.js:68:7)]]></failure></testcase>
<testcase classname="magento postBillingAddress Integration tests" name="returns 400 for updating the billing address with no parameters" time="0.243"><failure message="expected { Object (type, message) } to have own property &#x26;#x27;reason&#x26;#x27;"><![CDATA[AssertionError: expected { Object (type, message) } to have own property &#x27;reason&#x27;
    at RequiredFields.verifyErrorResponse (test/lib/requiredFields.js:27:31)
    at /Users/platon/projects/Adobe/commerce-public/commerce-cif-magento/test/lib/addressITHelper.js:107:32
    at process._tickCallback (internal/process/next_tick.js:68:7)]]></failure></testcase>
<testcase classname="magento postBillingAddress Integration tests" name="returns 400 for updating the billing address with no country" time="0.208"><failure message="expected { Object (type, message) } to have own property &#x26;#x27;reason&#x26;#x27;"><![CDATA[AssertionError: expected { Object (type, message) } to have own property &#x27;reason&#x27;
    at RequiredFields.verifyErrorResponse (test/lib/requiredFields.js:27:31)
    at /Users/platon/projects/Adobe/commerce-public/commerce-cif-magento/test/lib/addressITHelper.js:136:32
    at process._tickCallback (internal/process/next_tick.js:68:7)]]></failure></testcase>
<testcase classname="magento postBillingAddress Integration tests" name="creates complete billing address" time="1.189"/>
<testcase classname="magento postCartEntry Integration tests" name="creates an empty cart" time="1.525"><failure message="expected { Object (billingAddress, lastModifiedDate, ...) } to have own property &#x26;#x27;totalProductPrice&#x26;#x27;"><![CDATA[AssertionError: expected { Object (billingAddress, lastModifiedDate, ...) } to have own property &#x27;totalProductPrice&#x27;
    at RequiredFields.verifyCart (test/lib/requiredFields.js:188:31)
    at /Users/platon/projects/Adobe/commerce-public/commerce-cif-magento/test/carts/postCartEntryIT.js:105:36
    at process._tickCallback (internal/process/next_tick.js:68:7)]]></failure></testcase>
<testcase classname="magento postCartEntry Integration tests" name="adds a product to an existing cart" time="1.304"><failure message="expected { Object (name, sku, ...) } to have own property &#x26;#x27;available&#x26;#x27;"><![CDATA[AssertionError: expected { Object (name, sku, ...) } to have own property &#x27;available&#x27;
    at RequiredFields.verifyProductVariant (test/lib/requiredFields.js:52:31)
    at RequiredFields.verifyCartEntry (test/lib/requiredFields.js:207:14)
    at RequiredFields.verifyCart (test/lib/requiredFields.js:193:18)
    at /Users/platon/projects/Adobe/commerce-public/commerce-cif-magento/test/carts/postCartEntryIT.js:131:36
    at process._tickCallback (internal/process/next_tick.js:68:7)]]></failure></testcase>
<testcase classname="magento postCartEntry Integration tests" name="adds a product to a new cart" time="5.568"><failure message="expected { Object (name, sku, ...) } to have own property &#x26;#x27;available&#x26;#x27;"><![CDATA[AssertionError: expected { Object (name, sku, ...) } to have own property &#x27;available&#x27;
    at RequiredFields.verifyProductVariant (test/lib/requiredFields.js:52:31)
    at RequiredFields.verifyCartEntry (test/lib/requiredFields.js:207:14)
    at RequiredFields.verifyCart (test/lib/requiredFields.js:193:18)
    at /Users/platon/projects/Adobe/commerce-public/commerce-cif-magento/test/carts/postCartEntryIT.js:166:36
    at process._tickCallback (internal/process/next_tick.js:68:7)]]></failure></testcase>
<testcase classname="magento postCartEntry Integration tests" name="returns a 400 error for an invalid currency" time="1.042"/>
<testcase classname="magento postCartEntry Integration tests" name="returns a 400 error for an invalid quantity" time="1.258"/>
<testcase classname="magento postCartEntry Integration tests" name="returns a 404 error for an invalid product variant id" time="0.645"/>
<testcase classname="magento postCartEntry Integration tests" name="returns a 404 error for adding a product to a non existent cart" time="0.458"/>
<testcase classname="magento postCartEntry Integration tests" name="returns a 400 error for missing parameters" time="1.098"/>
<testcase classname="magento postCartEntry Integration tests" name="&#x22;after all&#x22; hook" time="1.415"><failure message="Bad Request"><![CDATA[Error: Bad Request
    at Test.Request.callback (node_modules/superagent/lib/node/index.js:626:17)
    at /Users/platon/projects/Adobe/commerce-public/commerce-cif-magento/node_modules/superagent/lib/node/index.js:795:18
    at IncomingMessage.&#x3C;anonymous&#x3E; (node_modules/superagent/lib/node/parsers/json.js:16:7)
    at endReadableNT (_stream_readable.js:1081:12)
    at process._tickCallback (internal/process/next_tick.js:63:19)]]></failure></testcase>
<testcase classname="magento postCoupon Integration tests" name="returns 404 for adding a coupon to an non existing cart" time="0.804"/>
<testcase classname="magento postCoupon Integration tests" name="returns 400 for a missing coupon code" time="0.157"><failure message="expected { Object (type, message) } to have own property &#x26;#x27;reason&#x26;#x27;"><![CDATA[AssertionError: expected { Object (type, message) } to have own property &#x27;reason&#x27;
    at RequiredFields.verifyErrorResponse (test/lib/requiredFields.js:27:31)
    at /Users/platon/projects/Adobe/commerce-public/commerce-cif-magento/test/carts/postCouponIT.js:121:36
    at process._tickCallback (internal/process/next_tick.js:68:7)]]></failure></testcase>
<testcase classname="magento postCoupon Integration tests" name="returns 404 for an invalid coupon code" time="1.372"/>
<testcase classname="magento postCoupon Integration tests" name="adds a coupon code to an existing cart" time="0.919"><failure message="Not Found"><![CDATA[Error: Not Found
    at Test.Request.callback (node_modules/superagent/lib/node/index.js:626:17)
    at /Users/platon/projects/Adobe/commerce-public/commerce-cif-magento/node_modules/superagent/lib/node/index.js:795:18
    at IncomingMessage.&#x3C;anonymous&#x3E; (node_modules/superagent/lib/node/parsers/json.js:16:7)
    at endReadableNT (_stream_readable.js:1081:12)
    at process._tickCallback (internal/process/next_tick.js:63:19)]]></failure></testcase>
<testcase classname="Magento postPayment Integration tests" name="returns 400 for posting the payment to an non existing cart" time="0.886"/>
<testcase classname="Magento postPayment Integration tests" name="returns 400 for posting to payment without payment" time="0.031"><failure message="expected { Object (type, message) } to have own property &#x26;#x27;reason&#x26;#x27;"><![CDATA[AssertionError: expected { Object (type, message) } to have own property &#x27;reason&#x27;
    at RequiredFields.verifyErrorResponse (test/lib/requiredFields.js:27:31)
    at /Users/platon/projects/Adobe/commerce-public/commerce-cif-magento/test/carts/postPaymentIT.js:145:36
    at process._tickCallback (internal/process/next_tick.js:68:7)]]></failure></testcase>
<testcase classname="Magento postPayment Integration tests" name="sets payment method" time="1.496"><failure message="expected { Object (name, sku, ...) } to have own property &#x26;#x27;available&#x26;#x27;"><![CDATA[AssertionError: expected { Object (name, sku, ...) } to have own property &#x27;available&#x27;
    at RequiredFields.verifyProductVariant (test/lib/requiredFields.js:52:31)
    at RequiredFields.verifyCartEntry (test/lib/requiredFields.js:207:14)
    at RequiredFields.verifyCart (test/lib/requiredFields.js:193:18)
    at /Users/platon/projects/Adobe/commerce-public/commerce-cif-magento/test/carts/postPaymentIT.js:162:36
    at process._tickCallback (internal/process/next_tick.js:68:7)]]></failure></testcase>
<testcase classname="Magento postShippingAddress Integration tests" name="returns 400 for updating the shipping address of non existing cart" time="0.361"><failure message="expected { Object (type, message) } to have own property &#x26;#x27;reason&#x26;#x27;"><![CDATA[AssertionError: expected { Object (type, message) } to have own property &#x27;reason&#x27;
    at RequiredFields.verifyErrorResponse (test/lib/requiredFields.js:27:31)
    at /Users/platon/projects/Adobe/commerce-public/commerce-cif-magento/test/lib/addressITHelper.js:107:32
    at process._tickCallback (internal/process/next_tick.js:68:7)]]></failure></testcase>
<testcase classname="Magento postShippingAddress Integration tests" name="returns 400 for updating the shipping address with no parameters" time="0.052"><failure message="expected { Object (type, message) } to have own property &#x26;#x27;reason&#x26;#x27;"><![CDATA[AssertionError: expected { Object (type, message) } to have own property &#x27;reason&#x27;
    at RequiredFields.verifyErrorResponse (test/lib/requiredFields.js:27:31)
    at /Users/platon/projects/Adobe/commerce-public/commerce-cif-magento/test/lib/addressITHelper.js:107:32
    at process._tickCallback (internal/process/next_tick.js:68:7)]]></failure></testcase>
<testcase classname="Magento postShippingAddress Integration tests" name="returns 400 for updating the shipping address with no country" time="0.06"><failure message="expected { Object (type, message) } to have own property &#x26;#x27;reason&#x26;#x27;"><![CDATA[AssertionError: expected { Object (type, message) } to have own property &#x27;reason&#x27;
    at RequiredFields.verifyErrorResponse (test/lib/requiredFields.js:27:31)
    at /Users/platon/projects/Adobe/commerce-public/commerce-cif-magento/test/lib/addressITHelper.js:136:32
    at process._tickCallback (internal/process/next_tick.js:68:7)]]></failure></testcase>
<testcase classname="Magento postShippingAddress Integration tests" name="creates complete shipping address" time="1.744"/>
<testcase classname="Magento postShippingMethod Integration tests" name="returns 404 for updating the shipping method of non existing cart" time="0.763"/>
<testcase classname="Magento postShippingMethod Integration tests" name="returns 400 for updating the shipping method with no parameters" time="0.032"><failure message="expected { Object (type, message) } to have own property &#x26;#x27;reason&#x26;#x27;"><![CDATA[AssertionError: expected { Object (type, message) } to have own property &#x27;reason&#x27;
    at RequiredFields.verifyErrorResponse (test/lib/requiredFields.js:27:31)
    at /Users/platon/projects/Adobe/commerce-public/commerce-cif-magento/test/carts/postShippingMethodIT.js:106:36
    at process._tickCallback (internal/process/next_tick.js:68:7)]]></failure></testcase>
<testcase classname="Magento postShippingMethod Integration tests" name="returns 400 for updating the shipping method with invalid shipping method format" time="0.038"><failure message="expected { Object (type, message) } to have own property &#x26;#x27;reason&#x26;#x27;"><![CDATA[AssertionError: expected { Object (type, message) } to have own property &#x27;reason&#x27;
    at RequiredFields.verifyErrorResponse (test/lib/requiredFields.js:27:31)
    at /Users/platon/projects/Adobe/commerce-public/commerce-cif-magento/test/carts/postShippingMethodIT.js:120:36
    at process._tickCallback (internal/process/next_tick.js:68:7)]]></failure></testcase>
<testcase classname="Magento postShippingMethod Integration tests" name="sets shipping method" time="7.848"><failure message="expected { Object (name, sku, ...) } to have own property &#x26;#x27;available&#x26;#x27;"><![CDATA[AssertionError: expected { Object (name, sku, ...) } to have own property &#x27;available&#x27;
    at RequiredFields.verifyProductVariant (test/lib/requiredFields.js:52:31)
    at RequiredFields.verifyCartEntry (test/lib/requiredFields.js:207:14)
    at RequiredFields.verifyCart (test/lib/requiredFields.js:193:18)
    at /Users/platon/projects/Adobe/commerce-public/commerce-cif-magento/test/carts/postShippingMethodIT.js:150:36
    at process._tickCallback (internal/process/next_tick.js:68:7)]]></failure></testcase>
<testcase classname="magento putCartEntry Integration tests" name="updates the quantity of a cart entry to a new value" time="1.571"><failure message="expected { Object (name, sku, ...) } to have own property &#x26;#x27;available&#x26;#x27;"><![CDATA[AssertionError: expected { Object (name, sku, ...) } to have own property &#x27;available&#x27;
    at RequiredFields.verifyProductVariant (test/lib/requiredFields.js:52:31)
    at RequiredFields.verifyCartEntry (test/lib/requiredFields.js:207:14)
    at RequiredFields.verifyCart (test/lib/requiredFields.js:193:18)
    at /Users/platon/projects/Adobe/commerce-public/commerce-cif-magento/test/carts/putCartEntryIT.js:86:36
    at process._tickCallback (internal/process/next_tick.js:68:7)]]></failure></testcase>
<testcase classname="magento putCartEntry Integration tests" name="returns a 400 error for setting an invalid quantity" time="18.894"/>
<testcase classname="magento putCartEntry Integration tests" name="removes a cart entry from the cart by setting its quantity to 0" time="0.996"><failure message="expected { Object (billingAddress, lastModifiedDate, ...) } to have own property &#x26;#x27;totalProductPrice&#x26;#x27;"><![CDATA[AssertionError: expected { Object (billingAddress, lastModifiedDate, ...) } to have own property &#x27;totalProductPrice&#x27;
    at RequiredFields.verifyCart (test/lib/requiredFields.js:188:31)
    at /Users/platon/projects/Adobe/commerce-public/commerce-cif-magento/test/carts/putCartEntryIT.js:127:36
    at process._tickCallback (internal/process/next_tick.js:68:7)]]></failure></testcase>
<testcase classname="magento putCartEntry Integration tests" name="returns a 404 error for updating a non existent cart entry" time="0.372"/>
<testcase classname="magento putCartEntry Integration tests" name="returns a 404 error for updating an entry of a non existent cart" time="0.376"/>
<testcase classname="magento putCartEntry Integration tests" name="returns a 400 error for missing parameters" time="0.13"><failure message="expected { Object (type, message) } to have own property &#x26;#x27;reason&#x26;#x27;"><![CDATA[AssertionError: expected { Object (type, message) } to have own property &#x27;reason&#x27;
    at RequiredFields.verifyErrorResponse (test/lib/requiredFields.js:27:31)
    at /Users/platon/projects/Adobe/commerce-public/commerce-cif-magento/test/carts/putCartEntryIT.js:171:36
    at process._tickCallback (internal/process/next_tick.js:68:7)]]></failure></testcase>
<testcase classname="magento getCategories Integration tests" name="returns all categories in tree structure" time="0.83"/>
<testcase classname="magento getCategories Integration tests" name="returns all categories in flat structure" time="0.711"/>
<testcase classname="magento getCategories Integration tests" name="returns a single category" time="0.57"/>
<testcase classname="magento getCategories Integration tests" name="returns all categories in a tree structure with only root nodes" time="0.78"/>
<testcase classname="magento getCategories Integration tests" name="returns all categories in tree structure sorted by their names"><skipped/></testcase>
<testcase classname="magento getCategories Integration tests" name="returns all categories in tree structure with subcategories sorted by their names"><skipped/></testcase>
<testcase classname="magento getCategories Integration tests" name="returns all categories in flat structure sorted by their names"><skipped/></testcase>
<testcase classname="magento getCategories Integration tests" name="returns a subset of categories in tree structure as defined by paging parameters"><skipped/></testcase>
<testcase classname="magento getCategories Integration tests" name="returns a subset of categories in flat structure as defined by paging parameters"><skipped/></testcase>
<testcase classname="magento getCategories Integration tests" name="returns a 400 error for invalid paging parameters" time="0.21"><failure message="expected { Object (type, message) } to have own property &#x26;#x27;reason&#x26;#x27;"><![CDATA[AssertionError: expected { Object (type, message) } to have own property &#x27;reason&#x27;
    at RequiredFields.verifyErrorResponse (test/lib/requiredFields.js:27:31)
    at /Users/platon/projects/Adobe/commerce-public/commerce-cif-magento/test/categories/getCategoriesIT.js:275:36
    at process._tickCallback (internal/process/next_tick.js:68:7)]]></failure></testcase>
<testcase classname="magento getCategories Integration tests" name="returns a 404 error for a non existent category" time="0.875"/>
<testcase classname="Magento postOrder Integration tests" name="returns 400 for updating the order when the cart id is missing" time="0.514"><failure message="expected { Object (type, message) } to have own property &#x26;#x27;reason&#x26;#x27;"><![CDATA[AssertionError: expected { Object (type, message) } to have own property &#x27;reason&#x27;
    at RequiredFields.verifyErrorResponse (test/lib/requiredFields.js:27:31)
    at /Users/platon/projects/Adobe/commerce-public/commerce-cif-magento/test/orders/postOrderIT.js:100:36
    at process._tickCallback (internal/process/next_tick.js:68:7)]]></failure></testcase>
<testcase classname="Magento postOrder Integration tests" name="returns 404 for creating an order from a non existing cart" time="0.825"/>
<testcase classname="Magento postOrder Integration tests" name="returns 400 for creating an order from a cart without shipping address" time="0.86"/>
<testcase classname="Magento postOrder Integration tests" name="returns 201 for creating an order" time="10.997"/>
<testcase classname="magento searchProducts Integration tests" name="returns a 500 error if parameters are missing" time="0.933"><failure message="expected { Object (type, message) } to have own property &#x26;#x27;reason&#x26;#x27;"><![CDATA[AssertionError: expected { Object (type, message) } to have own property &#x27;reason&#x27;
    at RequiredFields.verifyErrorResponse (test/lib/requiredFields.js:27:31)
    at /Users/platon/projects/Adobe/commerce-public/commerce-cif-magento/test/products/searchProductsIT.js:69:36
    at process._tickCallback (internal/process/next_tick.js:68:7)]]></failure></testcase>
<testcase classname="magento searchProducts Integration tests" name="returns products in a category" time="4.878"><failure message="expected { Object (name, sku, ...) } to have own property &#x26;#x27;available&#x26;#x27;"><![CDATA[AssertionError: expected { Object (name, sku, ...) } to have own property &#x27;available&#x27;
    at RequiredFields.verifyProductVariant (test/lib/requiredFields.js:52:31)
    at RequiredFields.verifyProduct (test/lib/requiredFields.js:43:18)
    at /Users/platon/projects/Adobe/commerce-public/commerce-cif-magento/test/products/searchProductsIT.js:87:40
    at process._tickCallback (internal/process/next_tick.js:68:7)]]></failure></testcase>
<testcase classname="magento searchProducts Integration tests" name="returns products in a category and all its subcategories"><skipped/></testcase>
<testcase classname="magento searchProducts Integration tests" name="returns a product with a given SKU" time="0.836"><failure message="expected { Object (name, sku, ...) } to have own property &#x26;#x27;available&#x26;#x27;"><![CDATA[AssertionError: expected { Object (name, sku, ...) } to have own property &#x27;available&#x27;
    at RequiredFields.verifyProductVariant (test/lib/requiredFields.js:52:31)
    at RequiredFields.verifyProduct (test/lib/requiredFields.js:43:18)
    at /Users/platon/projects/Adobe/commerce-public/commerce-cif-magento/test/products/searchProductsIT.js:137:36
    at process._tickCallback (internal/process/next_tick.js:68:7)]]></failure></testcase>
<testcase classname="magento searchProducts Integration tests" name="returns products matching a search string" time="1.69"><failure message="expected { Object (name, sku, ...) } to have own property &#x26;#x27;available&#x26;#x27;"><![CDATA[AssertionError: expected { Object (name, sku, ...) } to have own property &#x27;available&#x27;
    at RequiredFields.verifyProductVariant (test/lib/requiredFields.js:52:31)
    at RequiredFields.verifyProduct (test/lib/requiredFields.js:43:18)
    at /Users/platon/projects/Adobe/commerce-public/commerce-cif-magento/test/products/searchProductsIT.js:172:40
    at process._tickCallback (internal/process/next_tick.js:68:7)]]></failure></testcase>
<testcase classname="magento searchProducts Integration tests" name="returns products sorted by their name" time="0.778"><failure message="expected { Object (name, sku, ...) } to have own property &#x26;#x27;available&#x26;#x27;"><![CDATA[AssertionError: expected { Object (name, sku, ...) } to have own property &#x27;available&#x27;
    at RequiredFields.verifyProductVariant (test/lib/requiredFields.js:52:31)
    at RequiredFields.verifyProduct (test/lib/requiredFields.js:43:18)
    at /Users/platon/projects/Adobe/commerce-public/commerce-cif-magento/test/products/searchProductsIT.js:196:40
    at process._tickCallback (internal/process/next_tick.js:68:7)]]></failure></testcase>
<testcase classname="magento searchProducts Integration tests" name="returns a 500 error for invalid sorting parameters"><skipped/></testcase>
<testcase classname="magento searchProducts Integration tests" name="returns a subset of products as defined by paging parameters"><skipped/></testcase>
<testcase classname="magento searchProducts Integration tests" name="returns a 500 error for invalid paging parameters"><skipped/></testcase>
</testsuite>
